<?xml version="1.0" encoding="UTF-8"?>
<!-- Generated by org.testng.reporters.JUnitXMLReporter -->
<testsuite ignored="5" hostname="COG-WIN-MAC03" failures="0" tests="1" name="Default test" time="199.995" errors="0" timestamp="2023-07-15T21:57:06 IST">
  <testcase classname="testCases.NewProductTypeRequestTest" name="addNewProductType" time="190.89"/>
  <testcase classname="testCases.NewProductTypeRequestTest" name="validateApproveFunctionalityForNewProductTypeRequest" time="0.0">
    <ignored/>
  </testcase> <!-- validateApproveFunctionalityForNewProductTypeRequest -->
  <testcase classname="testCases.NewProductTypeRequestTest" name="validateRejectFunctionalityForNewProductTypeRequest" time="0.0">
    <ignored/>
  </testcase> <!-- validateRejectFunctionalityForNewProductTypeRequest -->
  <testcase classname="testCases.NewProductTypeRequestTest" name="validateRemoveButtonFunctionality" time="0.0">
    <ignored/>
  </testcase> <!-- validateRemoveButtonFunctionality -->
  <testcase classname="testCases.NewProductTypeRequestTest" name="NewProductTypeRequestValidationCheck" time="0.0">
    <ignored/>
  </testcase> <!-- NewProductTypeRequestValidationCheck -->
  <testcase classname="testCases.NewProductTypeRequestTest" name="verifyNewAddeProductTypeInNewProductTypeRequestListPage" time="0.0">
    <ignored/>
  </testcase> <!-- verifyNewAddeProductTypeInNewProductTypeRequestListPage -->
</testsuite> <!-- Default test -->
