<?xml version="1.0" encoding="UTF-8"?>
<!-- Generated by org.testng.reporters.JUnitXMLReporter -->
<testsuite ignored="4" hostname="COG-WIN-MAC03" failures="0" tests="1" name="Default test" time="430.477" errors="0" timestamp="2023-01-13T16:49:17 IST">
  <testcase classname="testCases.NormalUserPendingRequestTest" name="VerifyNormalUserAssignedProduct" time="419.312"/>
  <testcase classname="testCases.NormalUserPendingRequestTest" name="ValidateFunctionalityOfAddCheckOutRequestFromCheckOutListPage" time="0.0">
    <ignored/>
  </testcase> <!-- ValidateFunctionalityOfAddCheckOutRequestFromCheckOutListPage -->
  <testcase classname="testCases.NormalUserPendingRequestTest" name="VerifyReturnRequestWithRejectFunctionality" time="0.0">
    <ignored/>
  </testcase> <!-- VerifyReturnRequestWithRejectFunctionality -->
  <testcase classname="testCases.NormalUserPendingRequestTest" name="ValidateCheckAvabilityFunctionalityWithProceedTocheckOut" time="0.0">
    <ignored/>
  </testcase> <!-- ValidateCheckAvabilityFunctionalityWithProceedTocheckOut -->
  <testcase classname="testCases.NormalUserPendingRequestTest" name="VerifyReturnRequestWithApproveFunctionality" time="0.0">
    <ignored/>
  </testcase> <!-- VerifyReturnRequestWithApproveFunctionality -->
</testsuite> <!-- Default test -->
