<?xml version="1.0" encoding="UTF-8"?>
<testng-results ignored="5" total="6" passed="1" failed="0" skipped="0">
  <reporter-output>
  </reporter-output>
  <suite started-at="2023-07-15T21:53:46 IST" name="Default suite" finished-at="2023-07-15T21:57:06 IST" duration-ms="199995">
    <groups>
    </groups>
    <test started-at="2023-07-15T21:53:46 IST" name="Default test" finished-at="2023-07-15T21:57:06 IST" duration-ms="199995">
      <class name="testCases.NewProductTypeRequestTest">
        <test-method is-config="true" signature="setUp()[pri:0, instance:testCases.NewProductTypeRequestTest@4f209819]" started-at="2023-07-15T21:53:46 IST" name="setUp" finished-at="2023-07-15T21:53:55 IST" duration-ms="8402" status="PASS">
          <reporter-output>
          </reporter-output>
        </test-method> <!-- setUp -->
        <test-method is-config="true" signature="beforeMethod(java.lang.reflect.Method)[pri:0, instance:testCases.NewProductTypeRequestTest@4f209819]" started-at="2023-07-15T21:53:55 IST" name="beforeMethod" finished-at="2023-07-15T21:53:55 IST" duration-ms="138" status="PASS">
          <params>
            <param index="0">
              <value>
                <![CDATA[public void testCases.NewProductTypeRequestTest.addNewProductType()]]>
              </value>
            </param>
          </params>
          <reporter-output>
          </reporter-output>
        </test-method> <!-- beforeMethod -->
        <test-method signature="addNewProductType()[pri:2, instance:testCases.NewProductTypeRequestTest@4f209819]" started-at="2023-07-15T21:53:55 IST" name="addNewProductType" finished-at="2023-07-15T21:57:06 IST" duration-ms="190890" status="PASS">
          <reporter-output>
          </reporter-output>
        </test-method> <!-- addNewProductType -->
        <test-method is-config="true" signature="reportWrapUp(org.testng.ITestResult,java.lang.reflect.Method)[pri:0, instance:testCases.NewProductTypeRequestTest@4f209819]" started-at="2023-07-15T21:57:06 IST" name="reportWrapUp" finished-at="2023-07-15T21:57:06 IST" duration-ms="4" status="PASS">
          <params>
            <param index="0">
              <value>
                <![CDATA[[TestResult name=addNewProductType status=SUCCESS method=NewProductTypeRequestTest.addNewProductType()[pri:2, instance:testCases.NewProductTypeRequestTest@4f209819] output={null}]]]>
              </value>
            </param>
            <param index="1">
              <value>
                <![CDATA[public void testCases.NewProductTypeRequestTest.addNewProductType()]]>
              </value>
            </param>
          </params>
          <reporter-output>
          </reporter-output>
        </test-method> <!-- reportWrapUp -->
        <test-method is-config="true" signature="closeBrowser()[pri:0, instance:testCases.NewProductTypeRequestTest@4f209819]" started-at="2023-07-15T21:57:06 IST" name="closeBrowser" finished-at="2023-07-15T21:57:06 IST" duration-ms="508" status="PASS">
          <reporter-output>
          </reporter-output>
        </test-method> <!-- closeBrowser -->
        <test-method is-config="true" signature="close()[pri:0, instance:testCases.NewProductTypeRequestTest@4f209819]" started-at="2023-07-15T21:57:06 IST" name="close" finished-at="2023-07-15T21:57:07 IST" duration-ms="401" status="PASS">
          <reporter-output>
          </reporter-output>
        </test-method> <!-- close -->
      </class> <!-- testCases.NewProductTypeRequestTest -->
    </test> <!-- Default test -->
  </suite> <!-- Default suite -->
</testng-results>
